Build started 10/29/2018 11:04:51 PM.
     1>Project "C:\IT485 - 3D game dev\gf3d-inProgress\win32\gf3d.vcxproj" on node 2 (Build target(s)).
     1>C:\Program Files (x86)\MSBuild\Microsoft.Cpp\v4.0\V120\Microsoft.CppBuild.targets(357,5): warning MSB8004: Output Directory does not end with a trailing slash.  This build instance will add the slash as it is required to allow proper evaluation of the Output Directory.
     1>ClCompile:
         C:\Program Files (x86)\Microsoft Visual Studio 12.0\VC\bin\CL.exe /c /ZI /nologo /W3 /WX- /Od /Oy- /D WIN32 /D _DEBUG /D _CONSOLE /D _LIB /D _CRT_SECURE_NO_WARNINGS /D _UNICODE /D UNICODE /Gm /EHsc /RTC1 /MDd /GS /fp:precise /Zc:wchar_t /Zc:forScope /Fo"Debug\\" /Fd"Debug\vc120.pdb" /Gd /TC /analyze- /errorReport:prompt ..\src\game.c
         game.c
     1>c:\it485 - 3d game dev\gf3d-inprogress\src\game.c(32): warning C4305: 'function' : truncation from 'double' to 'float'
     1>c:\it485 - 3d game dev\gf3d-inprogress\src\game.c(52): warning C4305: 'function' : truncation from 'double' to 'float'
     1>c:\it485 - 3d game dev\gf3d-inprogress\src\game.c(76): warning C4305: 'function' : truncation from 'double' to 'float'
     1>c:\it485 - 3d game dev\gf3d-inprogress\src\game.c(77): warning C4305: 'function' : truncation from 'double' to 'float'
     1>c:\it485 - 3d game dev\gf3d-inprogress\src\game.c(79): warning C4305: 'function' : truncation from 'double' to 'float'
     1>c:\it485 - 3d game dev\gf3d-inprogress\src\game.c(80): warning C4305: 'function' : truncation from 'double' to 'float'
     1>c:\it485 - 3d game dev\gf3d-inprogress\src\game.c(82): warning C4305: 'function' : truncation from 'double' to 'float'
     1>c:\it485 - 3d game dev\gf3d-inprogress\src\game.c(83): warning C4305: 'function' : truncation from 'double' to 'float'
     1>c:\it485 - 3d game dev\gf3d-inprogress\src\game.c(87): warning C4244: 'function' : conversion from 'int' to 'float', possible loss of data
     1>c:\it485 - 3d game dev\gf3d-inprogress\src\game.c(91): warning C4244: 'function' : conversion from 'int' to 'float', possible loss of data
     1>c:\it485 - 3d game dev\gf3d-inprogress\src\game.c(97): warning C4244: 'function' : conversion from 'int' to 'float', possible loss of data
     1>c:\it485 - 3d game dev\gf3d-inprogress\src\game.c(101): warning C4244: 'function' : conversion from 'int' to 'float', possible loss of data
     1>c:\it485 - 3d game dev\gf3d-inprogress\src\game.c(19): warning C4101: 'my' : unreferenced local variable
     1>c:\it485 - 3d game dev\gf3d-inprogress\src\game.c(19): warning C4101: 'mx' : unreferenced local variable
     1>c:\it485 - 3d game dev\gf3d-inprogress\src\game.c(23): warning C4101: 'model' : unreferenced local variable
       Link:
         C:\Program Files (x86)\Microsoft Visual Studio 12.0\VC\bin\link.exe /ERRORREPORT:PROMPT /OUT:"..\gf3d.exe" /INCREMENTAL /NOLOGO /LIBPATH:"C:\IT485 - 3D game dev\gf3d-inProgress\include" /LIBPATH:"C:\IT485 - 3D game dev\SDL2_image-2.0.3\lib\x86" /LIBPATH:"C:\IT485 - 3D game dev\SDL2_mixer-2.0.2\lib\x86" /LIBPATH:"C:\IT485 - 3D game dev\SDL2_ttf-2.0.14\lib\x86" /LIBPATH:"C:\IT485 - 3D game dev\SDL2-2.0.8\lib\x86" /LIBPATH:"C:\IT485 - 3D game dev\VULKAN 1.1.82.1\Lib32" SDL2_ttf.lib SDL2_mixer.lib SDL2_image.lib SDL2.lib SDL2main.lib "vulkan-1.lib" kernel32.lib user32.lib gdi32.lib winspool.lib comdlg32.lib advapi32.lib shell32.lib ole32.lib oleaut32.lib uuid.lib odbc32.lib odbccp32.lib /MANIFEST /MANIFESTUAC:"level='asInvoker' uiAccess='false'" /manifest:embed /DEBUG /PDB:"..\gf3d.pdb" /SUBSYSTEM:CONSOLE /TLBID:1 /DYNAMICBASE /NXCOMPAT /IMPLIB:"..\gf3d.lib" /MACHINE:X86 Debug\game.obj
         Debug\gf3d_camera.obj
         Debug\gf3d_commands.obj
         Debug\gf3d_entity.obj
         Debug\gf3d_extensions.obj
         Debug\gf3d_matrix.obj
         Debug\gf3d_mesh.obj
         Debug\gf3d_model.obj
         Debug\gf3d_obj_load.obj
         Debug\gf3d_pipeline.obj
         Debug\gf3d_shaders.obj
         Debug\gf3d_swapchain.obj
         Debug\gf3d_texture.obj
         Debug\gf3d_types.obj
         Debug\gf3d_validation.obj
         Debug\gf3d_vector.obj
         Debug\gf3d_vgraphics.obj
         Debug\gf3d_vqueues.obj
         Debug\simple_logger.obj
         gf3d.vcxproj -> C:\IT485 - 3D game dev\gf3d-inProgress\win32\..\gf3d.exe
     1>Done Building Project "C:\IT485 - 3D game dev\gf3d-inProgress\win32\gf3d.vcxproj" (Build target(s)).

Build succeeded.

Time Elapsed 00:00:00.66
