c:\it485 - 3d game dev\gf3d-inprogress\win32\debug\vc120.pdb
c:\it485 - 3d game dev\gf3d-inprogress\win32\debug\vc120.idb
c:\it485 - 3d game dev\gf3d-inprogress\win32\debug\game.obj
c:\it485 - 3d game dev\gf3d-inprogress\win32\debug\gf3d_camera.obj
c:\it485 - 3d game dev\gf3d-inprogress\win32\debug\gf3d_commands.obj
c:\it485 - 3d game dev\gf3d-inprogress\win32\debug\gf3d_extensions.obj
c:\it485 - 3d game dev\gf3d-inprogress\win32\debug\gf3d_matrix.obj
c:\it485 - 3d game dev\gf3d-inprogress\win32\debug\gf3d_mesh.obj
c:\it485 - 3d game dev\gf3d-inprogress\win32\debug\gf3d_model.obj
c:\it485 - 3d game dev\gf3d-inprogress\win32\debug\gf3d_obj_load.obj
c:\it485 - 3d game dev\gf3d-inprogress\win32\debug\gf3d_pipeline.obj
c:\it485 - 3d game dev\gf3d-inprogress\win32\debug\gf3d_shaders.obj
c:\it485 - 3d game dev\gf3d-inprogress\win32\debug\gf3d_swapchain.obj
c:\it485 - 3d game dev\gf3d-inprogress\win32\debug\gf3d_texture.obj
c:\it485 - 3d game dev\gf3d-inprogress\win32\debug\gf3d_types.obj
c:\it485 - 3d game dev\gf3d-inprogress\win32\debug\gf3d_validation.obj
c:\it485 - 3d game dev\gf3d-inprogress\win32\debug\gf3d_vector.obj
c:\it485 - 3d game dev\gf3d-inprogress\win32\debug\gf3d_vgraphics.obj
c:\it485 - 3d game dev\gf3d-inprogress\win32\debug\gf3d_vqueues.obj
c:\it485 - 3d game dev\gf3d-inprogress\win32\debug\simple_logger.obj
c:\it485 - 3d game dev\gf3d-inprogress\gf3d.ilk
c:\it485 - 3d game dev\gf3d-inprogress\gf3d.exe
c:\it485 - 3d game dev\gf3d-inprogress\gf3d.pdb
c:\it485 - 3d game dev\gf3d-inprogress\win32\..\gf3d.exe
c:\it485 - 3d game dev\gf3d-inprogress\win32\debug\gf3d.tlog\cl.command.1.tlog
c:\it485 - 3d game dev\gf3d-inprogress\win32\debug\gf3d.tlog\cl.read.1.tlog
c:\it485 - 3d game dev\gf3d-inprogress\win32\debug\gf3d.tlog\cl.write.1.tlog
c:\it485 - 3d game dev\gf3d-inprogress\win32\debug\gf3d.tlog\link.command.1.tlog
c:\it485 - 3d game dev\gf3d-inprogress\win32\debug\gf3d.tlog\link.read.1.tlog
c:\it485 - 3d game dev\gf3d-inprogress\win32\debug\gf3d.tlog\link.write.1.tlog
