Build started 9/20/2018 6:49:36 PM.
     1>Project "C:\IT485 - 3D game dev\gf3d-master\win32\gf3d.vcxproj" on node 2 (Build target(s)).
     1>C:\Program Files (x86)\MSBuild\Microsoft.Cpp\v4.0\V120\Microsoft.CppBuild.targets(357,5): warning MSB8004: Output Directory does not end with a trailing slash.  This build instance will add the slash as it is required to allow proper evaluation of the Output Directory.
     1>ClCompile:
         C:\Program Files (x86)\Microsoft Visual Studio 12.0\VC\bin\CL.exe /c /Zi /nologo /W3 /WX- /O2 /Oi /Oy- /GL /D WIN32 /D NDEBUG /D _CONSOLE /D _LIB /D _CRT_SECURE_NO_WARNINGS /D _UNICODE /D UNICODE /Gm- /EHsc /MD /GS /Gy /fp:precise /Zc:wchar_t /Zc:forScope /Fo"Release\\" /Fd"Release\vc120.pdb" /Gd /TC /analyze- /errorReport:prompt ..\src\game.c ..\src\gf3d_camera.c ..\src\gf3d_commands.c ..\src\gf3d_extensions.c ..\src\gf3d_matrix.c ..\src\gf3d_model.c ..\src\gf3d_pipeline.c ..\src\gf3d_shaders.c ..\src\gf3d_swapchain.c ..\src\gf3d_types.c ..\src\gf3d_validation.c ..\src\gf3d_vector.c ..\src\gf3d_vgraphics.c ..\src\gf3d_vqueues.c ..\src\simple_logger.c
         game.c
     1>..\src\game.c(1): fatal error C1083: Cannot open include file: 'SDL.h': No such file or directory
         gf3d_camera.c
     1>..\src\gf3d_camera.c(1): fatal error C1083: Cannot open include file: 'gf3d_matrix.h': No such file or directory
         gf3d_commands.c
     1>..\src\gf3d_commands.c(1): fatal error C1083: Cannot open include file: 'gf3d_commands.h': No such file or directory
         gf3d_extensions.c
     1>..\src\gf3d_extensions.c(1): fatal error C1083: Cannot open include file: 'gf3d_extensions.h': No such file or directory
         gf3d_matrix.c
     1>..\src\gf3d_matrix.c(4): fatal error C1083: Cannot open include file: 'gf3d_matrix.h': No such file or directory
         gf3d_model.c
     1>..\src\gf3d_model.c(2): fatal error C1083: Cannot open include file: 'gf3d_model.h': No such file or directory
         gf3d_pipeline.c
     1>..\src\gf3d_pipeline.c(1): fatal error C1083: Cannot open include file: 'gf3d_pipeline.h': No such file or directory
         gf3d_shaders.c
     1>..\src\gf3d_shaders.c(4): fatal error C1083: Cannot open include file: 'gf3d_shaders.h': No such file or directory
         gf3d_swapchain.c
     1>..\src\gf3d_swapchain.c(1): fatal error C1083: Cannot open include file: 'gf3d_swapchain.h': No such file or directory
         gf3d_types.c
     1>..\src\gf3d_types.c(1): fatal error C1083: Cannot open include file: 'gf3d_types.h': No such file or directory
         gf3d_validation.c
     1>..\src\gf3d_validation.c(1): fatal error C1083: Cannot open include file: 'vulkan/vulkan.h': No such file or directory
         gf3d_vector.c
     1>..\src\gf3d_vector.c(4): fatal error C1083: Cannot open include file: 'gf3d_vector.h': No such file or directory
         gf3d_vgraphics.c
     1>..\src\gf3d_vgraphics.c(5): fatal error C1083: Cannot open include file: 'SDL.h': No such file or directory
         gf3d_vqueues.c
     1>..\src\gf3d_vqueues.c(1): fatal error C1083: Cannot open include file: 'gf3d_vqueues.h': No such file or directory
         simple_logger.c
     1>..\src\simple_logger.c(1): fatal error C1083: Cannot open include file: 'simple_logger.h': No such file or directory
     1>Done Building Project "C:\IT485 - 3D game dev\gf3d-master\win32\gf3d.vcxproj" (Build target(s)) -- FAILED.

Build FAILED.

Time Elapsed 00:00:00.84
